[ [ 0, "a", "A", "1" ], [ 1, "b", "B", "2" ] ]
[ [ "a", "A", "1" ], [ "b", "B", "2" ] ]
combinations([1,2,3], 2) [ [ 1, 2 ], [ 1, 3 ], [ 2, 3 ] ]
combinations([1,2,3], 3, 2) [ [ 1, 2 ], [ 1, 3 ], [ 2, 3 ], [ 1, 2, 3 ] ]
combinations([1,2,3]) [
  [ 1 ],
  [ 2 ],
  [ 3 ],
  [ 1, 2 ],
  [ 1, 3 ],
  [ 2, 3 ],
  [ 1, 2, 3 ]
]
(permute(['i','g','y','m','u'])) [
  [ "i", "g", "y", "m", "u" ],
  [ "g", "i", "y", "m", "u" ],
  [ "y", "i", "g", "m", "u" ],
  [ "i", "y", "g", "m", "u" ],
  [ "g", "y", "i", "m", "u" ],
  [ "y", "g", "i", "m", "u" ],
  [ "m", "g", "i", "y", "u" ],
  [ "g", "m", "i", "y", "u" ],
  [ "i", "m", "g", "y", "u" ],
  [ "m", "i", "g", "y", "u" ],
  [ "g", "i", "m", "y", "u" ],
  [ "i", "g", "m", "y", "u" ],
  [ "i", "y", "m", "g", "u" ],
  [ "y", "i", "m", "g", "u" ],
  [ "m", "i", "y", "g", "u" ],
  [ "i", "m", "y", "g", "u" ],
  [ "y", "m", "i", "g", "u" ],
  [ "m", "y", "i", "g", "u" ],
  [ "m", "y", "g", "i", "u" ],
  [ "y", "m", "g", "i", "u" ],
  [ "g", "m", "y", "i", "u" ],
  [ "m", "g", "y", "i", "u" ],
  [ "y", "g", "m", "i", "u" ],
  [ "g", "y", "m", "i", "u" ],
  [ "u", "y", "m", "i", "g" ],
  [ "y", "u", "m", "i", "g" ],
  [ "m", "u", "y", "i", "g" ],
  [ "u", "m", "y", "i", "g" ],
  [ "y", "m", "u", "i", "g" ],
  [ "m", "y", "u", "i", "g" ],
  [ "i", "y", "u", "m", "g" ],
  [ "y", "i", "u", "m", "g" ],
  [ "u", "i", "y", "m", "g" ],
  [ "i", "u", "y", "m", "g" ],
  [ "y", "u", "i", "m", "g" ],
  [ "u", "y", "i", "m", "g" ],
  [ "u", "m", "i", "y", "g" ],
  [ "m", "u", "i", "y", "g" ],
  [ "i", "u", "m", "y", "g" ],
  [ "u", "i", "m", "y", "g" ],
  [ "m", "i", "u", "y", "g" ],
  [ "i", "m", "u", "y", "g" ],
  [ "i", "m", "y", "u", "g" ],
  [ "m", "i", "y", "u", "g" ],
  [ "y", "i", "m", "u", "g" ],
  [ "i", "y", "m", "u", "g" ],
  [ "m", "y", "i", "u", "g" ],
  [ "y", "m", "i", "u", "g" ],
  [ "g", "m", "i", "u", "y" ],
  [ "m", "g", "i", "u", "y" ],
  [ "i", "g", "m", "u", "y" ],
  [ "g", "i", "m", "u", "y" ],
  [ "m", "i", "g", "u", "y" ],
  [ "i", "m", "g", "u", "y" ],
  [ "u", "m", "g", "i", "y" ],
  [ "m", "u", "g", "i", "y" ],
  [ "g", "u", "m", "i", "y" ],
  [ "u", "g", "m", "i", "y" ],
  [ "m", "g", "u", "i", "y" ],
  [ "g", "m", "u", "i", "y" ],
  [ "g", "i", "u", "m", "y" ],
  [ "i", "g", "u", "m", "y" ],
  [ "u", "g", "i", "m", "y" ],
  [ "g", "u", "i", "m", "y" ],
  [ "i", "u", "g", "m", "y" ],
  [ "u", "i", "g", "m", "y" ],
  [ "u", "i", "m", "g", "y" ],
  [ "i", "u", "m", "g", "y" ],
  [ "m", "u", "i", "g", "y" ],
  [ "u", "m", "i", "g", "y" ],
  [ "i", "m", "u", "g", "y" ],
  [ "m", "i", "u", "g", "y" ],
  [ "y", "i", "u", "g", "m" ],
  [ "i", "y", "u", "g", "m" ],
  [ "u", "y", "i", "g", "m" ],
  [ "y", "u", "i", "g", "m" ],
  [ "i", "u", "y", "g", "m" ],
  [ "u", "i", "y", "g", "m" ],
  [ "g", "i", "y", "u", "m" ],
  [ "i", "g", "y", "u", "m" ],
  [ "y", "g", "i", "u", "m" ],
  [ "g", "y", "i", "u", "m" ],
  [ "i", "y", "g", "u", "m" ],
  [ "y", "i", "g", "u", "m" ],
  [ "y", "u", "g", "i", "m" ],
  [ "u", "y", "g", "i", "m" ],
  [ "g", "y", "u", "i", "m" ],
  [ "y", "g", "u", "i", "m" ],
  [ "u", "g", "y", "i", "m" ],
  [ "g", "u", "y", "i", "m" ],
  [ "g", "u", "i", "y", "m" ],
  [ "u", "g", "i", "y", "m" ],
  [ "i", "g", "u", "y", "m" ],
  [ "g", "i", "u", "y", "m" ],
  [ "u", "i", "g", "y", "m" ],
  [ "i", "u", "g", "y", "m" ],
  [ "m", "u", "g", "y", "i" ],
  [ "u", "m", "g", "y", "i" ],
  [ "g", "m", "u", "y", "i" ],
  [ "m", "g", "u", "y", "i" ],
  ... 20 more items
]
reversed([1,2,3]) is: [ 3, 2, 1 ]
reversed("[1,2,3]") is: ]3,2,1[
