keys is: {
  decryptionKey: "MIIJQgIBADANBgkqhkiG9w0BAQEFAASCCSwwggkoAgEAAoICAQDZg2BlmpSJa3OcniW3qqq4+Bf0lyqEUfghUZm4JxPOIxoOX8aW...",
  encryptionKey: "MIICIjANBgkqhkiG9w0BAQEFAAOCAg8AMIICCgKCAgEA2YNgZZqUiWtznJ4lt6qquPgX9JcqhFH4IVGZuCcTziMaDl/GlgZlI4JB...",
  signatureKey: "MIIJQgIBADANBgkqhkiG9w0BAQEFAASCCSwwggkoAgEAAoICAQDmoO6PHUzHhfPt8dBmuLe6larMtA9pXshMc4klm40pjpAaaU9q...",
  verificationKey: "MIICIjANBgkqhkiG9w0BAQEFAAOCAg8AMIICCgKCAgEA5qDujx1Mx4Xz7fHQZri3upWqzLQPaV7ITHOJJZuNKY6QGmlPajonuJby..."
}
objKeys is: {
  decryptionKey: CryptoKey {
  type: "private",
  extractable: true,
  algorithm: {
    name: "RSA-OAEP",
    modulusLength: 4096,
    publicExponent: Uint8Array(3) [ 1, 0, 1 ],
    hash: { name: "SHA-256" }
  },
  usages: [ "decrypt" ]
},
  encryptionKey: CryptoKey {
  type: "public",
  extractable: true,
  algorithm: {
    name: "RSA-OAEP",
    modulusLength: 4096,
    publicExponent: Uint8Array(3) [ 1, 0, 1 ],
    hash: { name: "SHA-256" }
  },
  usages: [ "encrypt" ]
},
  signatureKey: CryptoKey {
  type: "private",
  extractable: true,
  algorithm: {
    name: "RSASSA-PKCS1-v1_5",
    modulusLength: 4096,
    publicExponent: Uint8Array(3) [ 1, 0, 1 ],
    hash: { name: "SHA-256" }
  },
  usages: [ "sign" ]
},
  verificationKey: CryptoKey {
  type: "public",
  extractable: true,
  algorithm: {
    name: "RSASSA-PKCS1-v1_5",
    modulusLength: 4096,
    publicExponent: Uint8Array(3) [ 1, 0, 1 ],
    hash: { name: "SHA-256" }
  },
  usages: [ "verify" ]
}
}
decryptedString is: Hello World
signed is: c/7RzO8pwUYu0txpSupb0k1CoJfsgo1EiSJRMmOq+YHObi90y6wlqVXQC31Acp8lswHFfrEVJbdqQ0WTiMv3SmqbkpFQegW2KyZ6QbT47pG+mJs5ltfq67DLi6iIh832m3+eZCN5Jneph2+4CXm0OVDVuIjhoudtnfcaOZkjdx7oRwpi1MXdrwgktzXrdnfLNIq4zXUvBQiy8eW8hDGDdp0EKDDd9uMR25Bp7yvRePZCi6zedWEQ4FDb2Mtn/+aOumOvdkVrdfaDbw/EbPshp/uz/P80c4jZeokt++Qv1AahRr8LqthNl6aU231j4Y/DMyuGP+vBPeZFBo528c6R6J3O0q+HV/RFGdKN43GWvtyVcjGlqGKJoiWRZJCeBw/IwH5leKYoQxn78zHouLERHdUP22Gm1i96CNPq01omfJsC5JSJdZBxYY/szXU5WxCBOxlvSPD9oUf0lQvXjvIZuk/C7Af+4Y+YVaVgRzUd0z6Ft1Lw9u+SMmPvJb/4bO2BWHm8PwG447pqzvJOafJNqPRxtDYBLjcf1JEPWeFBNSmZc4IQss+fIhOgrX2cclwP2OFpTKUQ8x3LdNIep6gQyrL99CSBwnRYVh6Pga80diCGoUPhUJ9Q78kWXUUZyj7lH907wplzN8fw8mbTKbi1EXvHImOQ4Qkb6jlrBxWsSoA=
signatureIsBonafide is: true
